Using pre-set license
Built from '2020.3/china_unity/release' branch; Version is '2020.3.11f1c1 (77449f27ef9b) revision 7816351'; Using compiler version '192528614'; Build Type 'Release'
OS: 'Windows 10 Home China; OS build 19042.1052; Version 2009; 64bit' Language: 'zh' Physical Memory: 15722 MB
BatchMode: 1, IsHumanControllingUs: 0, StartBugReporterOnCrash: 0, Is64bit: 1, IsPro: 0

 COMMAND LINE ARGUMENTS:
D:\Unity\UnityEditer\2020.3.11f1c1\Editor\Unity.exe
-adb2
-batchMode
-noUpm
-name
AssetImportWorker0
-projectPath
D:/Unity/MyProject/Leftist2048
-logFile
Logs/AssetImportWorker0.log
-srvPort
51747
Successfully changed project path to: D:/Unity/MyProject/Leftist2048
D:/Unity/MyProject/Leftist2048
Using Asset Import Pipeline V2.
Refreshing native plugins compatible for Editor in 55.55 ms, found 3 plugins.
Preloading 0 native plugins for Editor in 0.00 ms.
Initialize engine version: 2020.3.11f1c1 (77449f27ef9b)
[Subsystems] Discovering subsystems at path D:/Unity/UnityEditer/2020.3.11f1c1/Editor/Data/Resources/UnitySubsystems
[Subsystems] Discovering subsystems at path D:/Unity/MyProject/Leftist2048/Assets
GfxDevice: creating device client; threaded=0
Direct3D:
    Version:  Direct3D 11.0 [level 11.1]
    Renderer: AMD Radeon(TM) Graphics (ID=0x164c)
    Vendor:   
    VRAM:     7861 MB
    Driver:   27.20.14022.1002
Initialize mono
Mono path[0] = 'D:/Unity/UnityEditer/2020.3.11f1c1/Editor/Data/Managed'
Mono path[1] = 'D:/Unity/UnityEditer/2020.3.11f1c1/Editor/Data/MonoBleedingEdge/lib/mono/unityjit'
Mono config path = 'D:/Unity/UnityEditer/2020.3.11f1c1/Editor/Data/MonoBleedingEdge/etc'
Using monoOptions --debugger-agent=transport=dt_socket,embedding=1,server=y,suspend=n,address=127.0.0.1:56704
Begin MonoManager ReloadAssembly
Registering precompiled unity dll's ...
Register platform support module: D:/Unity/UnityEditer/2020.3.11f1c1/Editor/Data/PlaybackEngines/WindowsStandaloneSupport/UnityEditor.WindowsStandalone.Extensions.dll
Registered in 0.001344 seconds.
Native extension for WindowsStandalone target not found
Refreshing native plugins compatible for Editor in 60.35 ms, found 3 plugins.
Preloading 0 native plugins for Editor in 0.00 ms.
Mono: successfully reloaded assembly
- Completed reload, in  2.308 seconds
Platform modules already initialized, skipping
Registering precompiled user dll's ...
Registered in 0.003279 seconds.
Begin MonoManager ReloadAssembly
Native extension for WindowsStandalone target not found
Refreshing native plugins compatible for Editor in 63.11 ms, found 3 plugins.
Preloading 0 native plugins for Editor in 0.00 ms.
Mono: successfully reloaded assembly
- Completed reload, in  1.450 seconds
Platform modules already initialized, skipping
========================================================================
Worker process is ready to serve import requests
Launched and connected shader compiler UnityShaderCompiler.exe after 0.06 seconds
Refreshing native plugins compatible for Editor in 0.56 ms, found 3 plugins.
Preloading 0 native plugins for Editor in 0.00 ms.
Unloading 2099 Unused Serialized files (Serialized files now loaded: 0)
System memory in use before: 115.4 MB.
System memory in use after: 115.5 MB.

Unloading 27 unused Assets to reduce memory usage. Loaded Objects now: 2563.
Total: 3.354000 ms (FindLiveObjects: 0.272100 ms CreateObjectMapping: 0.065100 ms MarkObjects: 2.977800 ms  DeleteObjects: 0.037000 ms)

========================================================================
Received Import Request.
  path: Assets/Scenes/GamePage/Mode2/Controller/GameController_Mode2.cs
  artifactKey: Guid(4692a1a1a35b27d48ad487d3f3ac9802) Importer(815301076,1909f56bfc062723c751e8b465ee728b)
Start importing Assets/Scenes/GamePage/Mode2/Controller/GameController_Mode2.cs using Guid(4692a1a1a35b27d48ad487d3f3ac9802) Importer(815301076,1909f56bfc062723c751e8b465ee728b)  -> (artifact id: 'd9f49604f200d68f96e63aeda8fd2912') in 0.033203 seconds
  Import took 0.037155 seconds .

========================================================================
Received Import Request.
  Time since last request: 0.000402 seconds.
  path: Assets/Scenes/GamePage/Mode2/Controller/UserInputMode2.cs
  artifactKey: Guid(053c886489fba9d409ebdccade4ca563) Importer(815301076,1909f56bfc062723c751e8b465ee728b)
Start importing Assets/Scenes/GamePage/Mode2/Controller/UserInputMode2.cs using Guid(053c886489fba9d409ebdccade4ca563) Importer(815301076,1909f56bfc062723c751e8b465ee728b)  -> (artifact id: '14379d213517fdd0bb0c930f0b262291') in 0.002788 seconds
  Import took 0.006393 seconds .

========================================================================
Received Import Request.
  Time since last request: 15691.070412 seconds.
  path: Assets/Resources/Material
  artifactKey: Guid(58c91f710342c4e4b8080fa31d5e2404) Importer(815301076,1909f56bfc062723c751e8b465ee728b)
Start importing Assets/Resources/Material using Guid(58c91f710342c4e4b8080fa31d5e2404) Importer(815301076,1909f56bfc062723c751e8b465ee728b)  -> (artifact id: '215563aa6cae1f8ea217fcf9836ee8f9') in 0.007322 seconds
  Import took 0.019332 seconds .

========================================================================
Received Import Request.
  Time since last request: 98.461116 seconds.
  path: Assets/Resources/Material/新建材质.mat
  artifactKey: Guid(899a17c5878566d41b7c948a54dd6431) Importer(815301076,1909f56bfc062723c751e8b465ee728b)
Start importing Assets/Resources/Material/新建材质.mat using Guid(899a17c5878566d41b7c948a54dd6431) Importer(815301076,1909f56bfc062723c751e8b465ee728b)  -> (artifact id: '467064bc091efb4197ddb27916430198') in 0.242044 seconds
  Import took 0.251770 seconds .

========================================================================
Received Import Request.
  Time since last request: 33.319925 seconds.
  path: Assets/Resources/Material/LargeNumberShader.mat
  artifactKey: Guid(899a17c5878566d41b7c948a54dd6431) Importer(815301076,1909f56bfc062723c751e8b465ee728b)
Start importing Assets/Resources/Material/LargeNumberShader.mat using Guid(899a17c5878566d41b7c948a54dd6431) Importer(815301076,1909f56bfc062723c751e8b465ee728b)  -> (artifact id: '7734ac0663d865f5829fd34b417471e9') in 0.036687 seconds
  Import took 0.045893 seconds .

========================================================================
Received Import Request.
  Time since last request: 23.257826 seconds.
  path: Assets/Resources/Material/LargeNumberMaterial.mat
  artifactKey: Guid(899a17c5878566d41b7c948a54dd6431) Importer(815301076,1909f56bfc062723c751e8b465ee728b)
Start importing Assets/Resources/Material/LargeNumberMaterial.mat using Guid(899a17c5878566d41b7c948a54dd6431) Importer(815301076,1909f56bfc062723c751e8b465ee728b)  -> (artifact id: '3b72c460be86fed3af51938889f1abc3') in 0.024496 seconds
  Import took 0.033203 seconds .

========================================================================
Received Import Request.
  Time since last request: 160.311793 seconds.
  path: Assets/Resources/Material/NewSurfaceShader.shader
  artifactKey: Guid(b0035047509001f46bbbe384926f2916) Importer(815301076,1909f56bfc062723c751e8b465ee728b)
Start importing Assets/Resources/Material/NewSurfaceShader.shader using Guid(b0035047509001f46bbbe384926f2916) Importer(815301076,1909f56bfc062723c751e8b465ee728b)  -> (artifact id: 'c1a4c82d3a81d1633f78d8b9c46088c0') in 0.014394 seconds
  Import took 0.021035 seconds .

========================================================================
Received Import Request.
  Time since last request: 0.009413 seconds.
  path: Assets/Resources/Material/NewSurfaceShader.shader
  artifactKey: Guid(b0035047509001f46bbbe384926f2916) Importer(815301076,1909f56bfc062723c751e8b465ee728b)
Start importing Assets/Resources/Material/NewSurfaceShader.shader using Guid(b0035047509001f46bbbe384926f2916) Importer(815301076,1909f56bfc062723c751e8b465ee728b)  -> (artifact id: 'c1a4c82d3a81d1633f78d8b9c46088c0') in 0.005677 seconds
  Import took 0.011064 seconds .

========================================================================
Received Import Request.
  Time since last request: 9.155611 seconds.
  path: Assets/Resources/Material/TransparentRim.shader
  artifactKey: Guid(b0035047509001f46bbbe384926f2916) Importer(815301076,1909f56bfc062723c751e8b465ee728b)
Start importing Assets/Resources/Material/TransparentRim.shader using Guid(b0035047509001f46bbbe384926f2916) Importer(815301076,1909f56bfc062723c751e8b465ee728b)  -> (artifact id: 'aac9caa40064e96ef596195f05866235') in 0.017505 seconds
  Import took 0.031717 seconds .

========================================================================
Received Import Request.
  Time since last request: 193.234069 seconds.
  path: Assets/Resources/Material/TransparentRim.shader
  artifactKey: Guid(b0035047509001f46bbbe384926f2916) Importer(815301076,1909f56bfc062723c751e8b465ee728b)
Start importing Assets/Resources/Material/TransparentRim.shader using Guid(b0035047509001f46bbbe384926f2916) Importer(815301076,1909f56bfc062723c751e8b465ee728b)  -> (artifact id: '69b9514a8401a90a196d17e6c406f19a') in 0.004947 seconds
  Import took 0.019335 seconds .

========================================================================
Received Prepare
Registering precompiled user dll's ...
Registered in 0.005802 seconds.
Begin MonoManager ReloadAssembly
Native extension for WindowsStandalone target not found
Refreshing native plugins compatible for Editor in 0.95 ms, found 3 plugins.
Preloading 0 native plugins for Editor in 0.00 ms.
Mono: successfully reloaded assembly
- Completed reload, in  1.587 seconds
Platform modules already initialized, skipping
Switching build target platform(19) subTarget(0) extendedPlatform(0) -> platform(13) subTarget(537395200) extendedPlatform(0)
Refreshing native plugins compatible for Editor in 0.79 ms, found 3 plugins.
Preloading 0 native plugins for Editor in 0.00 ms.
Unloading 2093 Unused Serialized files (Serialized files now loaded: 0)
System memory in use before: 118.4 MB.
System memory in use after: 118.4 MB.

Unloading 17 unused Assets to reduce memory usage. Loaded Objects now: 2607.
Total: 5.321500 ms (FindLiveObjects: 0.656400 ms CreateObjectMapping: 0.167800 ms MarkObjects: 4.324400 ms  DeleteObjects: 0.169700 ms)

AssetImportParameters requested are different than current active one (requested -> active):
  custom:graphics/normal-map-encoding: 01000000000000000000000000000000 -> 02000000000000000000000000000000
========================================================================
Received Prepare
Registering precompiled user dll's ...
Registered in 0.005519 seconds.
Begin MonoManager ReloadAssembly
Native extension for WindowsStandalone target not found
Refreshing native plugins compatible for Editor in 0.75 ms, found 3 plugins.
Preloading 0 native plugins for Editor in 0.00 ms.
Mono: successfully reloaded assembly
- Completed reload, in  1.906 seconds
Platform modules already initialized, skipping
Switching build target platform(19) subTarget(0) extendedPlatform(0) -> platform(13) subTarget(537395200) extendedPlatform(0)
Refreshing native plugins compatible for Editor in 0.76 ms, found 3 plugins.
Preloading 0 native plugins for Editor in 0.00 ms.
Unloading 2093 Unused Serialized files (Serialized files now loaded: 0)
System memory in use before: 118.5 MB.
System memory in use after: 118.5 MB.

Unloading 17 unused Assets to reduce memory usage. Loaded Objects now: 2611.
Total: 5.739700 ms (FindLiveObjects: 0.324900 ms CreateObjectMapping: 0.103700 ms MarkObjects: 5.154100 ms  DeleteObjects: 0.154300 ms)

AssetImportParameters requested are different than current active one (requested -> active):
  custom:graphics/normal-map-encoding: 01000000000000000000000000000000 -> 02000000000000000000000000000000
========================================================================
Received Prepare
Registering precompiled user dll's ...
Registered in 0.004120 seconds.
Begin MonoManager ReloadAssembly
Native extension for WindowsStandalone target not found
Refreshing native plugins compatible for Editor in 0.80 ms, found 3 plugins.
Preloading 0 native plugins for Editor in 0.00 ms.
Mono: successfully reloaded assembly
- Completed reload, in  1.768 seconds
Platform modules already initialized, skipping
Switching build target platform(19) subTarget(0) extendedPlatform(0) -> platform(13) subTarget(537395200) extendedPlatform(0)
Refreshing native plugins compatible for Editor in 0.65 ms, found 3 plugins.
Preloading 0 native plugins for Editor in 0.00 ms.
Unloading 2093 Unused Serialized files (Serialized files now loaded: 0)
System memory in use before: 118.5 MB.
System memory in use after: 118.5 MB.

Unloading 17 unused Assets to reduce memory usage. Loaded Objects now: 2615.
Total: 3.527600 ms (FindLiveObjects: 0.333600 ms CreateObjectMapping: 0.072700 ms MarkObjects: 2.973500 ms  DeleteObjects: 0.145000 ms)

AssetImportParameters requested are different than current active one (requested -> active):
  custom:graphics/normal-map-encoding: 01000000000000000000000000000000 -> 02000000000000000000000000000000
========================================================================
Received Prepare
Registering precompiled user dll's ...
Registered in 0.005053 seconds.
Begin MonoManager ReloadAssembly
Native extension for WindowsStandalone target not found
Refreshing native plugins compatible for Editor in 0.68 ms, found 3 plugins.
Preloading 0 native plugins for Editor in 0.00 ms.
Mono: successfully reloaded assembly
- Completed reload, in  2.228 seconds
Platform modules already initialized, skipping
Switching build target platform(19) subTarget(0) extendedPlatform(0) -> platform(13) subTarget(537395200) extendedPlatform(0)
Refreshing native plugins compatible for Editor in 0.64 ms, found 3 plugins.
Preloading 0 native plugins for Editor in 0.00 ms.
Unloading 2093 Unused Serialized files (Serialized files now loaded: 0)
System memory in use before: 118.5 MB.
System memory in use after: 118.5 MB.

Unloading 17 unused Assets to reduce memory usage. Loaded Objects now: 2619.
Total: 5.198000 ms (FindLiveObjects: 0.308000 ms CreateObjectMapping: 0.094600 ms MarkObjects: 4.568700 ms  DeleteObjects: 0.223400 ms)

AssetImportParameters requested are different than current active one (requested -> active):
  custom:graphics/normal-map-encoding: 01000000000000000000000000000000 -> 02000000000000000000000000000000
========================================================================
Received Import Request.
  Time since last request: 678.923836 seconds.
  path: Assets/Resources/Entity.prefab
  artifactKey: Guid(a9407d96edea64e4c835cba11393ea8d) Importer(815301076,1909f56bfc062723c751e8b465ee728b)
Start importing Assets/Resources/Entity.prefab using Guid(a9407d96edea64e4c835cba11393ea8d) Importer(815301076,1909f56bfc062723c751e8b465ee728b)  -> (artifact id: 'fee832fabcdc7866f0917a165d94c8d3') in 0.055561 seconds
  Import took 0.063198 seconds .

========================================================================
Received Prepare
Registering precompiled user dll's ...
Registered in 0.005901 seconds.
Begin MonoManager ReloadAssembly
Native extension for WindowsStandalone target not found
Refreshing native plugins compatible for Editor in 0.89 ms, found 3 plugins.
Preloading 0 native plugins for Editor in 0.00 ms.
Mono: successfully reloaded assembly
- Completed reload, in  2.331 seconds
Platform modules already initialized, skipping
Switching build target platform(19) subTarget(0) extendedPlatform(0) -> platform(13) subTarget(537395200) extendedPlatform(0)
Refreshing native plugins compatible for Editor in 0.65 ms, found 3 plugins.
Preloading 0 native plugins for Editor in 0.00 ms.
Unloading 2093 Unused Serialized files (Serialized files now loaded: 0)
System memory in use before: 118.5 MB.
System memory in use after: 118.5 MB.

Unloading 17 unused Assets to reduce memory usage. Loaded Objects now: 2623.
Total: 3.447700 ms (FindLiveObjects: 0.516400 ms CreateObjectMapping: 0.086500 ms MarkObjects: 2.693200 ms  DeleteObjects: 0.148600 ms)

AssetImportParameters requested are different than current active one (requested -> active):
  custom:graphics/normal-map-encoding: 01000000000000000000000000000000 -> 02000000000000000000000000000000
========================================================================
Received Prepare
Registering precompiled user dll's ...
Registered in 0.004186 seconds.
Begin MonoManager ReloadAssembly
Native extension for WindowsStandalone target not found
Refreshing native plugins compatible for Editor in 1.00 ms, found 3 plugins.
Preloading 0 native plugins for Editor in 0.00 ms.
Mono: successfully reloaded assembly
- Completed reload, in  1.606 seconds
Platform modules already initialized, skipping
Switching build target platform(19) subTarget(0) extendedPlatform(0) -> platform(13) subTarget(537395200) extendedPlatform(0)
Refreshing native plugins compatible for Editor in 0.70 ms, found 3 plugins.
Preloading 0 native plugins for Editor in 0.00 ms.
Unloading 2093 Unused Serialized files (Serialized files now loaded: 0)
System memory in use before: 118.6 MB.
System memory in use after: 118.6 MB.

Unloading 17 unused Assets to reduce memory usage. Loaded Objects now: 2627.
Total: 3.682100 ms (FindLiveObjects: 0.279300 ms CreateObjectMapping: 0.076300 ms MarkObjects: 3.176900 ms  DeleteObjects: 0.147500 ms)

AssetImportParameters requested are different than current active one (requested -> active):
  custom:graphics/normal-map-encoding: 01000000000000000000000000000000 -> 02000000000000000000000000000000
========================================================================
Received Prepare
Registering precompiled user dll's ...
Registered in 0.005441 seconds.
Begin MonoManager ReloadAssembly
Native extension for WindowsStandalone target not found
Refreshing native plugins compatible for Editor in 0.98 ms, found 3 plugins.
Preloading 0 native plugins for Editor in 0.00 ms.
Mono: successfully reloaded assembly
- Completed reload, in  2.193 seconds
Platform modules already initialized, skipping
Switching build target platform(19) subTarget(0) extendedPlatform(0) -> platform(13) subTarget(537395200) extendedPlatform(0)
Refreshing native plugins compatible for Editor in 0.66 ms, found 3 plugins.
Preloading 0 native plugins for Editor in 0.00 ms.
Unloading 2093 Unused Serialized files (Serialized files now loaded: 0)
System memory in use before: 118.6 MB.
System memory in use after: 118.6 MB.

Unloading 17 unused Assets to reduce memory usage. Loaded Objects now: 2631.
Total: 4.381200 ms (FindLiveObjects: 0.309700 ms CreateObjectMapping: 0.086600 ms MarkObjects: 3.729100 ms  DeleteObjects: 0.253100 ms)

AssetImportParameters requested are different than current active one (requested -> active):
  custom:graphics/normal-map-encoding: 01000000000000000000000000000000 -> 02000000000000000000000000000000
========================================================================
Received Import Request.
  Time since last request: 459.135330 seconds.
  path: Assets/Resources/Entity.prefab
  artifactKey: Guid(a9407d96edea64e4c835cba11393ea8d) Importer(815301076,1909f56bfc062723c751e8b465ee728b)
Start importing Assets/Resources/Entity.prefab using Guid(a9407d96edea64e4c835cba11393ea8d) Importer(815301076,1909f56bfc062723c751e8b465ee728b)  -> (artifact id: 'a67b07004cdc30fdff64995cfc25760e') in 0.054909 seconds
  Import took 0.071233 seconds .

========================================================================
Received Import Request.
  Time since last request: 0.016532 seconds.
  path: Assets/Resources/Entity.prefab
  artifactKey: Guid(a9407d96edea64e4c835cba11393ea8d) Importer(815301076,1909f56bfc062723c751e8b465ee728b)
Start importing Assets/Resources/Entity.prefab using Guid(a9407d96edea64e4c835cba11393ea8d) Importer(815301076,1909f56bfc062723c751e8b465ee728b)  -> (artifact id: 'a67b07004cdc30fdff64995cfc25760e') in 0.006844 seconds
  Import took 0.013567 seconds .

========================================================================
Received Prepare
Registering precompiled user dll's ...
Registered in 0.005587 seconds.
Begin MonoManager ReloadAssembly
Native extension for WindowsStandalone target not found
Refreshing native plugins compatible for Editor in 0.82 ms, found 3 plugins.
Preloading 0 native plugins for Editor in 0.00 ms.
Mono: successfully reloaded assembly
- Completed reload, in  2.143 seconds
Platform modules already initialized, skipping
Switching build target platform(19) subTarget(0) extendedPlatform(0) -> platform(13) subTarget(537395200) extendedPlatform(0)
Refreshing native plugins compatible for Editor in 0.57 ms, found 3 plugins.
Preloading 0 native plugins for Editor in 0.00 ms.
Unloading 2093 Unused Serialized files (Serialized files now loaded: 0)
System memory in use before: 118.6 MB.
System memory in use after: 118.6 MB.

Unloading 17 unused Assets to reduce memory usage. Loaded Objects now: 2635.
Total: 3.091100 ms (FindLiveObjects: 0.278900 ms CreateObjectMapping: 0.066800 ms MarkObjects: 2.604900 ms  DeleteObjects: 0.138100 ms)

AssetImportParameters requested are different than current active one (requested -> active):
  custom:graphics/normal-map-encoding: 01000000000000000000000000000000 -> 02000000000000000000000000000000
========================================================================
Received Prepare
Registering precompiled user dll's ...
Registered in 0.004034 seconds.
Begin MonoManager ReloadAssembly
Native extension for WindowsStandalone target not found
Refreshing native plugins compatible for Editor in 0.64 ms, found 3 plugins.
Preloading 0 native plugins for Editor in 0.00 ms.
Mono: successfully reloaded assembly
- Completed reload, in  1.448 seconds
Platform modules already initialized, skipping
Switching build target platform(19) subTarget(0) extendedPlatform(0) -> platform(13) subTarget(537395200) extendedPlatform(0)
Refreshing native plugins compatible for Editor in 0.73 ms, found 3 plugins.
Preloading 0 native plugins for Editor in 0.00 ms.
Unloading 2092 Unused Serialized files (Serialized files now loaded: 0)
System memory in use before: 118.2 MB.
System memory in use after: 118.3 MB.

Unloading 16 unused Assets to reduce memory usage. Loaded Objects now: 2639.
Total: 3.780100 ms (FindLiveObjects: 0.408000 ms CreateObjectMapping: 0.079600 ms MarkObjects: 3.268200 ms  DeleteObjects: 0.022800 ms)

AssetImportParameters requested are different than current active one (requested -> active):
  custom:graphics/normal-map-encoding: 01000000000000000000000000000000 -> 02000000000000000000000000000000
========================================================================
Received Prepare
Registering precompiled user dll's ...
Registered in 0.004170 seconds.
Begin MonoManager ReloadAssembly
Native extension for WindowsStandalone target not found
Refreshing native plugins compatible for Editor in 0.84 ms, found 3 plugins.
Preloading 0 native plugins for Editor in 0.00 ms.
Mono: successfully reloaded assembly
- Completed reload, in  2.159 seconds
Platform modules already initialized, skipping
Switching build target platform(19) subTarget(0) extendedPlatform(0) -> platform(13) subTarget(537395200) extendedPlatform(0)
Refreshing native plugins compatible for Editor in 0.63 ms, found 3 plugins.
Preloading 0 native plugins for Editor in 0.00 ms.
Unloading 2092 Unused Serialized files (Serialized files now loaded: 0)
System memory in use before: 118.2 MB.
System memory in use after: 118.4 MB.

Unloading 16 unused Assets to reduce memory usage. Loaded Objects now: 2643.
Total: 4.086500 ms (FindLiveObjects: 0.328000 ms CreateObjectMapping: 0.095000 ms MarkObjects: 3.628600 ms  DeleteObjects: 0.032200 ms)

AssetImportParameters requested are different than current active one (requested -> active):
  custom:graphics/normal-map-encoding: 01000000000000000000000000000000 -> 02000000000000000000000000000000
AssetImportWorkerClient::OnTransportError - code=2 error=End of file
